<?xml version="1.0" encoding="UTF-8"?>
<testsuite xmlns:xsi="http://www.w3.org/2001/XMLSchema-instance" xsi:noNamespaceSchemaLocation="https://maven.apache.org/surefire/maven-surefire-plugin/xsd/surefire-test-report.xsd" version="3.0.2" name="TestSuite" time="803.793" tests="13" errors="0" skipped="0" failures="2">
  <properties>
[...]
</properties>
  <testcase name="testCompletePasswordResetFlow" classname="com.mobile.tests.PasswordResetIntegrationTest" time="4.69">
    <failure message="Should start from login page expected [true] but found [false]" type="java.lang.AssertionError"><![CDATA[java.lang.AssertionError: Should start from login page expected [true] but found [false]
	at org.testng.Assert.fail(Assert.java:111)
	at org.testng.Assert.failNotEquals(Assert.java:1578)
	at org.testng.Assert.assertTrue(Assert.java:57)
	at com.mobile.tests.PasswordResetIntegrationTest.testCompletePasswordResetFlow(PasswordResetIntegrationTest.java:48)
	at java.base/jdk.internal.reflect.DirectMethodHandleAccessor.invoke(DirectMethodHandleAccessor.java:103)
	at java.base/java.lang.reflect.Method.invoke(Method.java:580)
	at org.testng.internal.invokers.MethodInvocationHelper.invokeMethod(MethodInvocationHelper.java:139)
	at org.testng.internal.invokers.TestInvoker.invokeMethod(TestInvoker.java:664)
	at org.testng.internal.invokers.TestInvoker.invokeTestMethod(TestInvoker.java:228)
	at org.testng.internal.invokers.MethodRunner.runInSequence(MethodRunner.java:63)
	at org.testng.internal.invokers.TestInvoker$MethodInvocationAgent.invoke(TestInvoker.java:961)
	at org.testng.internal.invokers.TestInvoker.invokeTestMethods(TestInvoker.java:201)
	at org.testng.internal.invokers.TestMethodWorker.invokeTestMethods(TestMethodWorker.java:148)
	at org.testng.internal.invokers.TestMethodWorker.run(TestMethodWorker.java:128)
	at java.base/java.util.ArrayList.forEach(ArrayList.java:1596)
	at org.testng.TestRunner.privateRun(TestRunner.java:819)
	at org.testng.TestRunner.run(TestRunner.java:619)
	at org.testng.SuiteRunner.runTest(SuiteRunner.java:443)
	at org.testng.SuiteRunner.runSequentially(SuiteRunner.java:437)
	at org.testng.SuiteRunner.privateRun(SuiteRunner.java:397)
	at org.testng.SuiteRunner.run(SuiteRunner.java:336)
	at org.testng.SuiteRunnerWorker.runSuite(SuiteRunnerWorker.java:52)
	at org.testng.SuiteRunnerWorker.run(SuiteRunnerWorker.java:95)
	at org.testng.TestNG.runSuitesSequentially(TestNG.java:1301)
	at org.testng.TestNG.runSuitesLocally(TestNG.java:1228)
	at org.testng.TestNG.runSuites(TestNG.java:1134)
	at org.testng.TestNG.run(TestNG.java:1101)
	at org.apache.maven.surefire.testng.TestNGExecutor.run(TestNGExecutor.java:155)
	at org.apache.maven.surefire.testng.TestNGDirectoryTestSuite.executeMulti(TestNGDirectoryTestSuite.java:169)
	at org.apache.maven.surefire.testng.TestNGDirectoryTestSuite.execute(TestNGDirectoryTestSuite.java:88)
	at org.apache.maven.surefire.testng.TestNGProvider.invoke(TestNGProvider.java:137)
	at org.apache.maven.surefire.booter.ForkedBooter.runSuitesInProcess(ForkedBooter.java:385)
	at org.apache.maven.surefire.booter.ForkedBooter.execute(ForkedBooter.java:162)
	at org.apache.maven.surefire.booter.ForkedBooter.run(ForkedBooter.java:507)
	at org.apache.maven.surefire.booter.ForkedBooter.main(ForkedBooter.java:495)
]]></failure>
    <system-out><![CDATA[=== Running Complete Password Reset Integration Test ===
Step 1: Navigating to login page...
]]></system-out>
  </testcase>
  <testcase name="testPasswordResetErrorHandling" classname="com.mobile.tests.PasswordResetIntegrationTest" time="32.925">
    <system-out><![CDATA[=== Testing Password Reset Error Handling ===
Test 1: Invalid email format
✓ Invalid email format handled
Test 2: Empty email
✓ Empty email handled
Test 3: Non-existent email
✓ Non-existent user handled
✅ Password reset error handling test passed
]]></system-out>
  </testcase>
  <testcase name="testPasswordResetNavigation" classname="com.mobile.tests.PasswordResetIntegrationTest" time="2.703">
    <failure message="Navigation test failed: An element could not be located on the page using the given search parameters.&#10;For documentation on this error, please visit: https://www.selenium.dev/documentation/webdriver/troubleshooting/errors#no-such-element-exception&#10;Build info: version: &apos;4.13.0&apos;, revision: &apos;ba948ece5b*&apos;&#10;System info: os.name: &apos;Windows 11&apos;, os.arch: &apos;amd64&apos;, os.version: &apos;10.0&apos;, java.version: &apos;21.0.8&apos;&#10;Driver info: io.appium.java_client.android.AndroidDriver&#10;Command: [4b57b0bc-2226-4060-acdc-b6c65d1c277e, findElement {using=accessibility id, value=Forgot Password?}]&#10;Capabilities {appium:app: C:/Intern_Project_Code/task..., appium:appActivity: com.example.staff_auth_mobi..., appium:appPackage: com.example.staff_auth_mobile, appium:automationName: UiAutomator2, appium:databaseEnabled: false, appium:desired: {app: C:/Intern_Project_Code/task..., automationName: UiAutomator2, deviceName: emulator-5554, newCommandTimeout: 300, noReset: false, platformName: ANDROID, platformVersion: 16}, appium:deviceApiLevel: 36, appium:deviceManufacturer: Google, appium:deviceModel: sdk_gphone64_x86_64, appium:deviceName: emulator-5554, appium:deviceScreenDensity: 420, appium:deviceScreenSize: 1080x2400, appium:deviceUDID: emulator-5554, appium:javascriptEnabled: true, appium:locationContextEnabled: false, appium:networkConnectionEnabled: true, appium:newCommandTimeout: 300, appium:noReset: false, appium:pixelRatio: 2.625, appium:platformVersion: 16, appium:statBarHeight: 63, appium:takesScreenshot: true, appium:viewportRect: {height: 2337, left: 0, top: 63, width: 1080}, appium:warnings: {}, appium:webStorageEnabled: false, platformName: ANDROID}&#10;Session ID: 4b57b0bc-2226-4060-acdc-b6c65d1c277e" type="java.lang.AssertionError"><![CDATA[java.lang.AssertionError: 
Navigation test failed: An element could not be located on the page using the given search parameters.
For documentation on this error, please visit: https://www.selenium.dev/documentation/webdriver/troubleshooting/errors#no-such-element-exception
Build info: version: '4.13.0', revision: 'ba948ece5b*'
System info: os.name: 'Windows 11', os.arch: 'amd64', os.version: '10.0', java.version: '21.0.8'
Driver info: io.appium.java_client.android.AndroidDriver
Command: [4b57b0bc-2226-4060-acdc-b6c65d1c277e, findElement {using=accessibility id, value=Forgot Password?}]
Capabilities {appium:app: C:/Intern_Project_Code/task..., appium:appActivity: com.example.staff_auth_mobi..., appium:appPackage: com.example.staff_auth_mobile, appium:automationName: UiAutomator2, appium:databaseEnabled: false, appium:desired: {app: C:/Intern_Project_Code/task..., automationName: UiAutomator2, deviceName: emulator-5554, newCommandTimeout: 300, noReset: false, platformName: ANDROID, platformVersion: 16}, appium:deviceApiLevel: 36, appium:deviceManufacturer: Google, appium:deviceModel: sdk_gphone64_x86_64, appium:deviceName: emulator-5554, appium:deviceScreenDensity: 420, appium:deviceScreenSize: 1080x2400, appium:deviceUDID: emulator-5554, appium:javascriptEnabled: true, appium:locationContextEnabled: false, appium:networkConnectionEnabled: true, appium:newCommandTimeout: 300, appium:noReset: false, appium:pixelRatio: 2.625, appium:platformVersion: 16, appium:statBarHeight: 63, appium:takesScreenshot: true, appium:viewportRect: {height: 2337, left: 0, top: 63, width: 1080}, appium:warnings: {}, appium:webStorageEnabled: false, platformName: ANDROID}
Session ID: 4b57b0bc-2226-4060-acdc-b6c65d1c277e
	at org.testng.Assert.fail(Assert.java:111)
	at com.mobile.tests.PasswordResetIntegrationTest.testPasswordResetNavigation(PasswordResetIntegrationTest.java:208)
	at java.base/jdk.internal.reflect.DirectMethodHandleAccessor.invoke(DirectMethodHandleAccessor.java:103)
	at java.base/java.lang.reflect.Method.invoke(Method.java:580)
	at org.testng.internal.invokers.MethodInvocationHelper.invokeMethod(MethodInvocationHelper.java:139)
	at org.testng.internal.invokers.TestInvoker.invokeMethod(TestInvoker.java:664)
	at org.testng.internal.invokers.TestInvoker.invokeTestMethod(TestInvoker.java:228)
	at org.testng.internal.invokers.MethodRunner.runInSequence(MethodRunner.java:63)
	at org.testng.internal.invokers.TestInvoker$MethodInvocationAgent.invoke(TestInvoker.java:961)
	at org.testng.internal.invokers.TestInvoker.invokeTestMethods(TestInvoker.java:201)
	at org.testng.internal.invokers.TestMethodWorker.invokeTestMethods(TestMethodWorker.java:148)
	at org.testng.internal.invokers.TestMethodWorker.run(TestMethodWorker.java:128)
	at java.base/java.util.ArrayList.forEach(ArrayList.java:1596)
	at org.testng.TestRunner.privateRun(TestRunner.java:819)
	at org.testng.TestRunner.run(TestRunner.java:619)
	at org.testng.SuiteRunner.runTest(SuiteRunner.java:443)
	at org.testng.SuiteRunner.runSequentially(SuiteRunner.java:437)
	at org.testng.SuiteRunner.privateRun(SuiteRunner.java:397)
	at org.testng.SuiteRunner.run(SuiteRunner.java:336)
	at org.testng.SuiteRunnerWorker.runSuite(SuiteRunnerWorker.java:52)
	at org.testng.SuiteRunnerWorker.run(SuiteRunnerWorker.java:95)
	at org.testng.TestNG.runSuitesSequentially(TestNG.java:1301)
	at org.testng.TestNG.runSuitesLocally(TestNG.java:1228)
	at org.testng.TestNG.runSuites(TestNG.java:1134)
	at org.testng.TestNG.run(TestNG.java:1101)
	at org.apache.maven.surefire.testng.TestNGExecutor.run(TestNGExecutor.java:155)
	at org.apache.maven.surefire.testng.TestNGDirectoryTestSuite.executeMulti(TestNGDirectoryTestSuite.java:169)
	at org.apache.maven.surefire.testng.TestNGDirectoryTestSuite.execute(TestNGDirectoryTestSuite.java:88)
	at org.apache.maven.surefire.testng.TestNGProvider.invoke(TestNGProvider.java:137)
	at org.apache.maven.surefire.booter.ForkedBooter.runSuitesInProcess(ForkedBooter.java:385)
	at org.apache.maven.surefire.booter.ForkedBooter.execute(ForkedBooter.java:162)
	at org.apache.maven.surefire.booter.ForkedBooter.run(ForkedBooter.java:507)
	at org.apache.maven.surefire.booter.ForkedBooter.main(ForkedBooter.java:495)
]]></failure>
    <system-out><![CDATA[=== Testing Password Reset Navigation ===
]]></system-out>
  </testcase>
  <testcase name="testPasswordResetFormValidation" classname="com.mobile.tests.PasswordResetIntegrationTest" time="47.141">
    <system-out><![CDATA[=== Testing Password Reset Form Validation ===
⚠️ Not on reset password page - validating forgot password form
✓ Form validation verified
✅ Password reset form validation test passed
]]></system-out>
  </testcase>
  <testcase name="testCompleteWorkflowSimulation" classname="com.mobile.tests.PasswordResetIntegrationTest" time="43.382">
    <system-out><![CDATA[=== Testing Complete Workflow Simulation ===
✓ Password reset requested
✓ Password reset request processed
✅ Complete workflow simulation test passed
]]></system-out>
  </testcase>
  <testcase name="testForgotPasswordPageDisplay" classname="com.mobile.tests.PasswordResetTest" time="1.435">
    <system-out><![CDATA[✅ Successfully navigated to forgot password page
=== Testing Forgot Password Page Display ===
✅ Forgot password page display test passed
]]></system-out>
  </testcase>
  <testcase name="testEmailFieldValidation" classname="com.mobile.tests.PasswordResetTest" time="6.535">
    <system-out><![CDATA[✅ Successfully navigated to forgot password page
=== Testing Email Field Validation ===
Empty email validation: true
Invalid email validation: false
✅ Email field validation test passed
]]></system-out>
  </testcase>
  <testcase name="testValidPasswordResetRequest" classname="com.mobile.tests.PasswordResetTest" time="27.199">
    <system-out><![CDATA[✅ Successfully navigated to forgot password page
=== Testing Valid Password Reset Request ===
✓ Valid email entered: nuwanthapiumal57@gmail.com
✓ Send Code button clicked
Success message displayed: false
Navigated to reset screen: false
Still on forgot password page: true
✅ Valid password reset request test passed
]]></system-out>
  </testcase>
  <testcase name="testInvalidEmailPasswordReset" classname="com.mobile.tests.PasswordResetTest" time="7.528">
    <system-out><![CDATA[✅ Successfully navigated to forgot password page
=== Testing Invalid Email Password Reset ===
✓ Invalid email entered: nonexistent@example.com
✓ Send Code button clicked
User not found error: false
General error: false
Still on same page: true
✅ Invalid email password reset test passed
]]></system-out>
  </testcase>
  <testcase name="testNavigationBackToLogin" classname="com.mobile.tests.PasswordResetTest" time="2.345">
    <system-out><![CDATA[✅ Successfully navigated to forgot password page
=== Testing Navigation Back to Login ===
✓ Back button clicked
✅ Navigation back to login test passed
]]></system-out>
  </testcase>
  <testcase name="testEmailFieldInteractions" classname="com.mobile.tests.PasswordResetTest" time="6.518">
    <system-out><![CDATA[✅ Successfully navigated to forgot password page
=== Testing Email Field Interactions ===
Entered email value: test@example.com
✓ Email field clearing and re-entering works
✅ Email field interactions test passed
]]></system-out>
  </testcase>
  <testcase name="testLoadingStates" classname="com.mobile.tests.PasswordResetTest" time="11.09">
    <system-out><![CDATA[✅ Successfully navigated to forgot password page
=== Testing Loading States ===
Loading state detected: false
✅ Loading states test passed
]]></system-out>
  </testcase>
  <testcase name="testCompleteForgotPasswordFlow" classname="com.mobile.tests.PasswordResetTest" time="9.956">
    <system-out><![CDATA[✅ Successfully navigated to forgot password page
=== Testing Complete Forgot Password Flow ===
✓ Email entered
✓ Send Code clicked
Positive outcome detected: true
✅ Complete forgot password flow test passed
]]></system-out>
  </testcase>
</testsuite>