<?xml version="1.0" encoding="UTF-8"?>
<testng-results ignored="0" total="1" passed="1" failed="0" skipped="0">
  <reporter-output>
  </reporter-output>
  <suite started-at="2025-11-06T19:55:46 IST" name="Surefire suite" finished-at="2025-11-06T19:56:19 IST" duration-ms="33071">
    <groups>
    </groups>
    <test started-at="2025-11-06T19:55:46 IST" name="Surefire test" finished-at="2025-11-06T19:56:19 IST" duration-ms="33071">
      <class name="com.mobile.tests.AppLaunchTest">
        <test-method is-config="true" signature="setUp()[pri:0, instance:com.mobile.tests.AppLaunchTest@7ce3cb8e]" started-at="2025-11-06T19:55:46 IST" name="setUp" finished-at="2025-11-06T19:56:13 IST" duration-ms="26931" status="PASS">
          <reporter-output>
          </reporter-output>
        </test-method> <!-- setUp -->
        <test-method signature="testAppLaunches()[pri:0, instance:com.mobile.tests.AppLaunchTest@7ce3cb8e]" started-at="2025-11-06T19:56:13 IST" name="testAppLaunches" description="Verify app launches and renders a UI hierarchy" finished-at="2025-11-06T19:56:17 IST" duration-ms="4081" status="PASS">
          <reporter-output>
          </reporter-output>
        </test-method> <!-- testAppLaunches -->
        <test-method is-config="true" signature="tearDown()[pri:0, instance:com.mobile.tests.AppLaunchTest@7ce3cb8e]" started-at="2025-11-06T19:56:17 IST" name="tearDown" finished-at="2025-11-06T19:56:19 IST" duration-ms="1991" status="PASS">
          <reporter-output>
          </reporter-output>
        </test-method> <!-- tearDown -->
      </class> <!-- com.mobile.tests.AppLaunchTest -->
    </test> <!-- Surefire test -->
  </suite> <!-- Surefire suite -->
</testng-results>
