<?xml version="1.0" encoding="UTF-8"?>
<testsuite xmlns:xsi="http://www.w3.org/2001/XMLSchema-instance" xsi:noNamespaceSchemaLocation="https://maven.apache.org/surefire/maven-surefire-plugin/xsd/surefire-test-report.xsd" version="3.0.2" name="com.mobile.tests.DebugTest" time="40.171" tests="1" errors="0" skipped="0" failures="0">
  <properties>
[...]
</properties>
  <testcase name="debugAppElements" classname="com.mobile.tests.DebugTest" time="9.28">
    <system-out><![CDATA[=== App launched successfully ===
Current Activity: com.example.staff_auth_mobile.MainActivity
Current Package: com.example.staff_auth_mobile
Page Source:
<?xml version='1.0' encoding='UTF-8' standalone='yes' ?>
<hierarchy index="0" class="hierarchy" rotation="0" width="1080" height="2400">
  <android.widget.FrameLayout index="0" package="com.example.staff_auth_mobile" class="android.widget.FrameLayout" text="" checkable="false" checked="false" clickable="false" enabled="true" focusable="false" focused="false" long-clickable="false" password="false" scrollable="false" selected="false" bounds="[0,0][1080,2400]" displayed="true" a11y-important="true" screen-reader-focusable="false" drawing-order="0" showing-hint="false" text-entry-key="false" dismissable="false" a11y-focused="false" heading="false" live-region="0" context-clickable="false" content-invalid="false">
    <android.widget.LinearLayout index="0" package="com.example.staff_auth_mobile" class="android.widget.LinearLayout" text="" checkable="false" checked="false" clickable="false" enabled="true" focusable="false" focused="false" long-clickable="false" password="false" scrollable="false" selected="false" bounds="[0,0][1080,2400]" displayed="true" a11y-important="false" screen-reader-focusable="false" drawing-order="1" showing-hint="false" text-entry-key="false" dismissable="false" a11y-focused="false" heading="false" live-region="0" context-clickable="false" content-invalid="false">
      <android.widget.FrameLayout index="0" package="com.example.staff_auth_mobile" class="android.widget.FrameLayout" text="" resource-id="android:id/content" checkable="false" checked="false" clickable="false" enabled="true" focusable="false" focused="false" long-clickable="false" password="false" scrollable="false" selected="false" bounds="[0,0][1080,2400]" displayed="true" a11y-important="false" screen-reader-focusable="false" drawing-order="2" showing-hint="false" text-entry-key="false" dismissable="false" a11y-focused="false" heading="false" live-region="0" context-clickable="false" content-invalid="false">
        <android.widget.FrameLayout index="0" package="com.example.staff_auth_mobile" class="android.widget.FrameLayout" text="" checkable="false" checked="false" clickable="false" enabled="true" focusable="true" focused="false" long-clickable="false" password="false" scrollable="false" selected="false" bounds="[0,0][1080,2400]" displayed="true" a11y-important="false" screen-reader-focusable="false" drawing-order="1" showing-hint="false" text-entry-key="false" dismissable="false" a11y-focused="false" heading="false" live-region="0" context-clickable="false" content-invalid="false" pane-title=" ">
          <android.view.View index="0" package="com.example.staff_auth_mobile" class="android.view.View" text="" resource-id="" checkable="false" checked="false" clickable="false" enabled="true" focusable="false" focused="false" long-clickable="false" password="false" scrollable="false" selected="false" bounds="[0,0][1080,2400]" displayed="true" a11y-important="false" screen-reader-focusable="false" drawing-order="0" showing-hint="false" text-entry-key="false" dismissable="false" a11y-focused="false" heading="false" live-region="0" context-clickable="false" content-invalid="false">
            <android.view.View index="0" package="com.example.staff_auth_mobile" class="android.view.View" text="" resource-id="" checkable="false" checked="false" clickable="false" enabled="true" focusable="false" focused="false" long-clickable="false" password="false" scrollable="false" selected="false" bounds="[0,0][1080,2400]" displayed="true" a11y-important="false" screen-reader-focusable="false" drawing-order="0" showing-hint="false" text-entry-key="false" dismissable="false" a11y-focused="false" heading="false" live-region="0" context-clickable="false" content-invalid="false">
              <android.view.View index="0" package="com.example.staff_auth_mobile" class="android.view.View" text="" resource-id="" checkable="false" checked="false" clickable="false" enabled="true" focusable="false" focused="false" long-clickable="false" password="false" scrollable="false" selected="false" bounds="[0,0][1080,2400]" displayed="true" a11y-important="false" screen-reader-focusable="false" drawing-order="0" showing-hint="false" text-entry-key="false" dismissable="false" a11y-focused="false" heading="false" live-region="0" context-clickable="false" content-invalid="false">
                <android.view.View index="0" package="com.example.staff_auth_mobile" class="android.view.View" text="" resource-id="" checkable="false" checked="false" clickable="false" enabled="true" focusable="false" focused="false" long-clickable="false" password="false" scrollable="false" selected="false" bounds="[0,0][1080,2400]" displayed="true" a11y-important="false" screen-reader-focusable="false" drawing-order="0" showing-hint="false" text-entry-key="false" dismissable="false" a11y-focused="false" heading="false" live-region="0" context-clickable="false" content-invalid="false">
                  <android.view.View index="0" package="com.example.staff_auth_mobile" class="android.view.View" text="" resource-id="" checkable="false" checked="false" clickable="false" enabled="true" focusable="false" focused="false" long-clickable="false" password="false" scrollable="false" selected="false" bounds="[0,63][1080,1811]" displayed="true" a11y-important="false" screen-reader-focusable="false" drawing-order="0" showing-hint="false" text-entry-key="false" dismissable="false" a11y-focused="false" heading="false" live-region="0" context-clickable="false" content-invalid="false">
                    <android.view.View index="0" package="com.example.staff_auth_mobile" class="android.view.View" text="" resource-id="" checkable="false" checked="false" clickable="false" enabled="true" focusable="false" focused="false" long-clickable="false" password="false" scrollable="false" selected="false" bounds="[63,126][1017,1748]" displayed="true" a11y-important="false" screen-reader-focusable="false" drawing-order="0" showing-hint="false" text-entry-key="false" dismissable="false" a11y-focused="false" heading="false" live-region="0" context-clickable="false" content-invalid="false">
                      <android.view.View index="0" package="com.example.staff_auth_mobile" class="android.view.View" text="" content-desc="Welcome Back" resource-id="" checkable="false" checked="false" clickable="false" enabled="true" focusable="true" focused="false" long-clickable="false" password="false" scrollable="false" selected="false" bounds="[63,557][1017,662]" displayed="true" a11y-important="true" screen-reader-focusable="false" drawing-order="0" showing-hint="false" text-entry-key="false" dismissable="false" a11y-focused="false" heading="false" live-region="0" context-clickable="false" content-invalid="false" />
                      <android.view.View index="1" package="com.example.staff_auth_mobile" class="android.view.View" text="" content-desc="Sign in to continue" resource-id="" checkable="false" checked="false" clickable="false" enabled="true" focusable="true" focused="false" long-clickable="false" password="false" scrollable="false" selected="false" bounds="[63,683][1017,743]" displayed="true" a11y-important="true" screen-reader-focusable="false" drawing-order="0" showing-hint="false" text-entry-key="false" dismissable="false" a11y-focused="false" heading="false" live-region="0" context-clickable="false" content-invalid="false" />
                      <android.widget.EditText index="2" package="com.example.staff_auth_mobile" class="android.widget.EditText" text="" resource-id="" checkable="false" checked="false" clickable="true" enabled="true" focusable="true" focused="false" long-clickable="false" password="false" scrollable="false" selected="false" bounds="[63,869][1017,1016]" displayed="true" hint="Email" a11y-important="true" screen-reader-focusable="false" drawing-order="0" showing-hint="false" text-entry-key="false" dismissable="false" a11y-focused="false" heading="false" live-region="0" context-clickable="false" content-invalid="false" />
                      <android.widget.EditText index="3" package="com.example.staff_auth_mobile" class="android.widget.EditText" text="" resource-id="" checkable="false" checked="false" clickable="true" enabled="true" focusable="true" focused="false" long-clickable="false" password="true" scrollable="false" selected="false" bounds="[63,1058][1017,1205]" displayed="true" hint="Password" a11y-important="true" screen-reader-focusable="false" drawing-order="0" showing-hint="false" text-entry-key="false" dismissable="false" a11y-focused="false" heading="false" live-region="0" context-clickable="false" content-invalid="false">
                        <android.widget.Button index="0" package="com.example.staff_auth_mobile" class="android.widget.Button" text="" resource-id="" checkable="false" checked="false" clickable="true" enabled="true" focusable="true" focused="false" long-clickable="false" password="false" scrollable="false" selected="false" bounds="[891,1068][1017,1194]" displayed="true" a11y-important="true" screen-reader-focusable="false" drawing-order="0" showing-hint="false" text-entry-key="false" dismissable="false" a11y-focused="false" heading="false" live-region="0" context-clickable="false" content-invalid="false" />
                      </android.widget.EditText>
                      <android.widget.Button index="4" package="com.example.staff_auth_mobile" class="android.widget.Button" text="" content-desc="Forgot Password?" resource-id="" checkable="false" checked="false" clickable="true" enabled="true" focusable="true" focused="false" long-clickable="false" password="false" scrollable="false" selected="false" bounds="[653,1226][1017,1352]" displayed="true" a11y-important="true" screen-reader-focusable="false" drawing-order="0" showing-hint="false" text-entry-key="false" dismissable="false" a11y-focused="false" heading="false" live-region="0" context-clickable="false" content-invalid="false" />
                      <android.widget.Button index="5" package="com.example.staff_auth_mobile" class="android.widget.Button" text="" content-desc="Sign In" resource-id="" checkable="false" checked="false" clickable="true" enabled="true" focusable="true" focused="false" long-clickable="false" password="false" scrollable="false" selected="false" bounds="[63,1415][1017,1559]" displayed="true" a11y-important="true" screen-reader-focusable="false" drawing-order="0" showing-hint="false" text-entry-key="false" dismissable="false" a11y-focused="false" heading="false" live-region="0" context-clickable="false" content-invalid="false" />
                      <android.view.View index="6" package="com.example.staff_auth_mobile" class="android.view.View" text="" content-desc="Don't have an account? " resource-id="" checkable="false" checked="false" clickable="false" enabled="true" focusable="true" focused="false" long-clickable="false" password="false" scrollable="false" selected="false" bounds="[244,1659][644,1712]" displayed="true" a11y-important="true" screen-reader-focusable="false" drawing-order="0" showing-hint="false" text-entry-key="false" dismissable="false" a11y-focused="false" heading="false" live-region="0" context-clickable="false" content-invalid="false" />
                      <android.widget.Button index="7" package="com.example.staff_auth_mobile" class="android.widget.Button" text="" content-desc="Sign Up" resource-id="" checkable="false" checked="false" clickable="true" enabled="true" focusable="true" focused="false" long-clickable="false" password="false" scrollable="false" selected="false" bounds="[644,1622][836,1748]" displayed="true" a11y-important="true" screen-reader-focusable="false" drawing-order="0" showing-hint="false" text-entry-key="false" dismissable="false" a11y-focused="false" heading="false" live-region="0" context-clickable="false" content-invalid="false" />
                    </android.view.View>
                  </android.view.View>
                </android.view.View>
              </android.view.View>
            </android.view.View>
          </android.view.View>
        </android.widget.FrameLayout>
      </android.widget.FrameLayout>
    </android.widget.LinearLayout>
  </android.widget.FrameLayout>
</hierarchy>

=== Looking for elements ===
Total elements found: 19
Element 0 - Class: null, Text: '', ContentDesc: 'null'
Element 1 - Class: null, Text: '', ContentDesc: 'null'
Element 2 - Class: null, Text: '', ContentDesc: 'null'
Element 3 - Class: null, Text: '', ContentDesc: 'null'
Element 4 - Class: null, Text: '', ContentDesc: 'null'
Element 5 - Class: null, Text: '', ContentDesc: 'null'
Element 6 - Class: null, Text: '', ContentDesc: 'null'
Element 7 - Class: null, Text: '', ContentDesc: 'null'
Element 8 - Class: null, Text: '', ContentDesc: 'null'
Element 9 - Class: null, Text: '', ContentDesc: 'null'
Element 10 - Class: Welcome Back, Text: '', ContentDesc: 'Welcome Back'
Element 11 - Class: Sign in to continue, Text: '', ContentDesc: 'Sign in to continue'
Element 12 - Class: null, Text: '', ContentDesc: 'null'
Element 13 - Class: null, Text: '', ContentDesc: 'null'
Element 14 - Class: null, Text: '', ContentDesc: 'null'
Element 15 - Class: Forgot Password?, Text: '', ContentDesc: 'Forgot Password?'
Element 16 - Class: Sign In, Text: '', ContentDesc: 'Sign In'
Element 17 - Class: Don't have an account? , Text: '', ContentDesc: 'Don't have an account? '
Element 18 - Class: Sign Up, Text: '', ContentDesc: 'Sign Up'
]]></system-out>
  </testcase>
</testsuite>