<?xml version="1.0" encoding="UTF-8"?>
<!-- Generated by org.testng.reporters.JUnitReportReporter -->
<testsuite hostname="EYEPAXLK-LT-113" failures="0" tests="8" name="com.mobile.tests.ResetPasswordFormTest" time="880.955" errors="0" timestamp="2025-11-04T18:49:50 IST" skipped="0">
  <testcase classname="com.mobile.tests.ResetPasswordFormTest" name="testResetPasswordPageDisplay" time="109.823"/>
  <testcase classname="com.mobile.tests.ResetPasswordFormTest" name="testVerificationCodeValidation" time="108.630"/>
  <testcase classname="com.mobile.tests.ResetPasswordFormTest" name="testPasswordFieldValidation" time="110.189"/>
  <testcase classname="com.mobile.tests.ResetPasswordFormTest" name="testPasswordVisibilityToggle" time="111.750"/>
  <testcase classname="com.mobile.tests.ResetPasswordFormTest" name="testCompleteFormFilling" time="108.618"/>
  <testcase classname="com.mobile.tests.ResetPasswordFormTest" name="testFormSubmission" time="114.482"/>
  <testcase classname="com.mobile.tests.ResetPasswordFormTest" name="testFormFieldInteractions" time="106.466"/>
  <testcase classname="com.mobile.tests.ResetPasswordFormTest" name="testNavigationAndFlow" time="110.997"/>
</testsuite> <!-- com.mobile.tests.ResetPasswordFormTest -->
