<?xml version="1.0" encoding="UTF-8"?>
<!-- Generated by org.testng.reporters.JUnitReportReporter -->
<testsuite hostname="EYEPAXLK-LT-113" failures="0" tests="9" name="com.mobile.tests.LoginTest" time="338.155" errors="0" timestamp="2025-11-04T17:49:28 IST" skipped="0">
  <testcase classname="com.mobile.tests.LoginTest" name="testValidLogin" time="50.631"/>
  <testcase classname="com.mobile.tests.LoginTest" name="testInvalidLogin" time="45.767"/>
  <testcase classname="com.mobile.tests.LoginTest" name="testEmptyEmail" time="36.032"/>
  <testcase classname="com.mobile.tests.LoginTest" name="testEmptyPassword" time="33.794"/>
  <testcase classname="com.mobile.tests.LoginTest" name="testEmptyFields" time="34.201"/>
  <testcase classname="com.mobile.tests.LoginTest" name="testInvalidEmailFormat" time="37.364"/>
  <testcase classname="com.mobile.tests.LoginTest" name="testForgotPasswordNavigation" time="31.963"/>
  <testcase classname="com.mobile.tests.LoginTest" name="testSignUpNavigation" time="36.904"/>
  <testcase classname="com.mobile.tests.LoginTest" name="testLoginButtonState" time="31.499"/>
</testsuite> <!-- com.mobile.tests.LoginTest -->
